[0.012s] Invoking command in '/home/carlos/ros2_ws/src/jaeger_model/build/jaeger_model': CMAKE_PREFIX_PATH=/home/carlos/ros2_ws/src/jaeger_model/install:/opt/ros/humble:/home/carlos/catkin_warehouse/devel:/home/carlos/ras/devel:/home/carlos/ros2_ws/install:/home/carlos/ros2_ws/src/install /usr/bin/cmake --build /home/carlos/ros2_ws/src/jaeger_model/build/jaeger_model -- -j8 -l8
[0.044s] -- Found ament_cmake: 1.3.11 (/opt/ros/humble/share/ament_cmake/cmake)
[0.169s] -- Found rclcpp: 16.0.12 (/opt/ros/humble/share/rclcpp/cmake)
[0.207s] -- Found rosidl_generator_c: 3.1.6 (/opt/ros/humble/share/rosidl_generator_c/cmake)
[0.214s] -- Found rosidl_adapter: 3.1.6 (/opt/ros/humble/share/rosidl_adapter/cmake)
[0.224s] -- Found rosidl_generator_cpp: 3.1.6 (/opt/ros/humble/share/rosidl_generator_cpp/cmake)
[0.236s] -- Using all available rosidl_typesupport_c: rosidl_typesupport_fastrtps_c;rosidl_typesupport_introspection_c
[0.254s] -- Using all available rosidl_typesupport_cpp: rosidl_typesupport_fastrtps_cpp;rosidl_typesupport_introspection_cpp
[0.300s] -- Found rmw_implementation_cmake: 6.1.2 (/opt/ros/humble/share/rmw_implementation_cmake/cmake)
[0.303s] -- Found rmw_fastrtps_cpp: 6.2.7 (/opt/ros/humble/share/rmw_fastrtps_cpp/cmake)
[0.417s] -- Using RMW implementation 'rmw_fastrtps_cpp' as default
[0.484s] -- Looking for ignition-plugin1 -- found version 1.4.0
[0.485s] -- Searching for dependencies of ignition-plugin1
[0.485s] -- Searching for <ignition-plugin1> component [register]
[0.486s] -- Looking for ignition-plugin1-register -- found version 1.4.0
[0.486s] -- Searching for dependencies of ignition-plugin1-register
[0.487s] -- Looking for ignition-plugin1 - found
[0.487s] 
[0.487s] -- Looking for ignition-gazebo6 -- found version 6.16.0
[0.488s] -- Searching for dependencies of ignition-gazebo6
[0.488s] -- Looking for sdformat12 -- found version 12.7.2
[0.489s] -- Searching for dependencies of sdformat12
[0.493s] -- Checking for module 'tinyxml2'
[0.503s] --   Found tinyxml2, version 9.0.0
[0.530s] -- Looking for ignition-math6 -- found version 6.15.1
[0.530s] -- Searching for dependencies of ignition-math6
[0.531s] -- Looking for ignition-utils1 -- found version 1.5.1
[0.532s] -- Searching for dependencies of ignition-utils1
[0.533s] -- Looking for ignition-plugin1 -- found version 1.4.0
[0.533s] -- Searching for dependencies of ignition-plugin1
[0.533s] -- Searching for <ignition-plugin1> component [loader]
[0.534s] -- Looking for ignition-plugin1-loader -- found version 1.4.0
[0.534s] -- Searching for dependencies of ignition-plugin1-loader
[0.535s] -- Searching for <ignition-plugin1> component [register]
[0.535s] -- Looking for ignition-transport11 -- found version 11.4.1
[0.536s] -- Searching for dependencies of ignition-transport11
[0.563s] -- Config-file not installed for ZeroMQ -- checking for pkg-config
[0.566s] -- Checking for module 'libzmq >= 4'
[0.576s] --   Found libzmq , version 4.3.4
[0.606s] -- Checking for module 'uuid'
[0.620s] --   Found uuid, version 2.37.2
[0.645s] -- Looking for ignition-utils1 -- found version 1.5.1
[0.645s] -- Searching for dependencies of ignition-utils1
[0.645s] -- Searching for <ignition-utils1> component [cli]
[0.646s] -- Looking for ignition-utils1-cli -- found version 1.5.1
[0.646s] -- Searching for dependencies of ignition-utils1-cli
[0.656s] -- Looking for ignition-msgs8 -- found version 8.7.0
[0.658s] -- Searching for dependencies of ignition-msgs8
[0.693s] -- Found Protobuf: /usr/lib/x86_64-linux-gnu/libprotobuf.so (found suitable version "3.12.4", minimum required is "3") 
[0.694s] -- Looking for ignition-math6 -- found version 6.15.1
[0.702s] -- Searching for <ignition-transport11> component [log]
[0.702s] -- Looking for ignition-transport11-log -- found version 11.4.1
[0.703s] -- Searching for dependencies of ignition-transport11-log
[0.703s] -- Searching for <ignition-transport11> component [parameters]
[0.703s] -- Looking for ignition-transport11-parameters -- found version 11.4.1
[0.704s] -- Searching for dependencies of ignition-transport11-parameters
[0.705s] -- Looking for ignition-msgs8 -- found version 8.7.0
[0.705s] -- Looking for ignition-common4 -- found version 4.7.0
[0.705s] -- Searching for dependencies of ignition-common4
[0.706s] -- Looking for dlfcn.h - found
[0.706s] -- Looking for libdl - found
[0.718s] -- Searching for <ignition-common4> component [profiler]
[0.718s] -- Looking for ignition-common4-profiler -- found version 4.7.0
[0.718s] -- Searching for dependencies of ignition-common4-profiler
[0.719s] -- Searching for <ignition-common4> component [events]
[0.719s] -- Looking for ignition-common4-events -- found version 4.7.0
[0.720s] -- Searching for dependencies of ignition-common4-events
[0.720s] -- Looking for ignition-math6 -- found version 6.15.1
[0.721s] -- Searching for <ignition-common4> component [av]
[0.722s] -- Looking for ignition-common4-av -- found version 4.7.0
[0.722s] -- Searching for dependencies of ignition-common4-av
[0.726s] -- Checking for module 'libswscale'
[0.737s] --   Found libswscale, version 5.9.100
[0.765s] -- Checking for module 'libavdevice >= 56.4.100'
[0.774s] --   Found libavdevice , version 58.13.100
[0.803s] -- Checking for module 'libavformat'
[0.816s] --   Found libavformat, version 58.76.100
[0.847s] -- Checking for module 'libavcodec'
[0.856s] --   Found libavcodec, version 58.134.100
[0.884s] -- Checking for module 'libavutil'
[0.893s] --   Found libavutil, version 56.70.100
[0.928s] -- Looking for ignition-fuel_tools7 -- found version 7.3.0
[0.928s] -- Searching for dependencies of ignition-fuel_tools7
[0.962s] -- Checking for module 'jsoncpp'
[0.971s] --   Found jsoncpp, version 1.9.5
[0.998s] -- Checking for module 'libzip'
[1.009s] --   Found libzip, version 1.7.3
[1.037s] -- Looking for ignition-common4 -- found version 4.7.0
[1.038s] -- Looking for ignition-math6 -- found version 6.15.1
[1.038s] -- Looking for ignition-msgs8 -- found version 8.7.0
[1.039s] -- Looking for ignition-gui6 -- found version 6.8.0
[1.040s] -- Searching for dependencies of ignition-gui6
[1.063s] -- Looking for ignition-math6 -- found version 6.15.1
[1.063s] -- Looking for ignition-common4 -- found version 4.7.0
[1.064s] -- Looking for ignition-plugin1 -- found version 1.4.0
[1.064s] -- Looking for ignition-transport11 -- found version 11.4.1
[1.064s] -- Looking for ignition-rendering6 -- found version 6.6.3
[1.065s] -- Searching for dependencies of ignition-rendering6
[1.065s] -- Looking for ignition-math6 -- found version 6.15.1
[1.066s] -- Searching for dependencies of ignition-math6
[1.066s] -- Searching for <ignition-math6> component [eigen3]
[1.066s] -- Looking for ignition-math6-eigen3 -- found version 6.15.1
[1.067s] -- Searching for dependencies of ignition-math6-eigen3
[1.068s] -- Looking for ignition-common4 -- found version 4.7.0
[1.069s] -- Searching for dependencies of ignition-common4
[1.069s] -- Looking for dlfcn.h - found
[1.069s] -- Looking for libdl - found
[1.077s] -- Searching for <ignition-common4> component [graphics]
[1.077s] -- Looking for ignition-common4-graphics -- found version 4.7.0
[1.078s] -- Searching for dependencies of ignition-common4-graphics
[1.078s] -- Looking for ignition-math6 -- found version 6.15.1
[1.078s] -- Looking for ignition-utils1 -- found version 1.5.1
[1.079s] -- Searching for <ignition-common4> component [events]
[1.080s] -- Looking for ignition-plugin1 -- found version 1.4.0
[1.080s] -- Searching for dependencies of ignition-plugin1
[1.080s] -- Searching for <ignition-plugin1> component [all]
[1.081s] -- Looking for all libraries of ignition-plugin1 -- found version 1.4.0
[1.081s] -- Looking for ignition-plugin1 -- found version 1.4.0
[1.083s] -- Looking for ignition-msgs8 -- found version 8.7.0
[1.097s] -- Looking for ignition-physics5 -- found version 5.3.2
[1.097s] -- Searching for dependencies of ignition-physics5
[1.097s] -- Looking for ignition-math6 -- found version 6.15.1
[1.098s] -- Looking for ignition-plugin1 -- found version 1.4.0
[1.098s] -- Looking for ignition-utils1 -- found version 1.5.1
[1.099s] -- Searching for <ignition-physics5> component [heightmap]
[1.100s] -- Looking for ignition-physics5-heightmap -- found version 5.3.2
[1.100s] -- Searching for dependencies of ignition-physics5-heightmap
[1.100s] -- Looking for ignition-common4 -- found version 4.7.0
[1.101s] -- Searching for <ignition-physics5> component [mesh]
[1.101s] -- Looking for ignition-physics5-mesh -- found version 5.3.2
[1.102s] -- Searching for dependencies of ignition-physics5-mesh
[1.102s] -- Looking for ignition-common4 -- found version 4.7.0
[1.103s] -- Searching for <ignition-physics5> component [sdf]
[1.103s] -- Looking for ignition-physics5-sdf -- found version 5.3.2
[1.104s] -- Searching for dependencies of ignition-physics5-sdf
[1.104s] -- Looking for sdformat12 -- found version 12.7.2
[1.105s] -- Looking for ignition-sensors6 -- found version 6.8.0
[1.105s] -- Searching for dependencies of ignition-sensors6
[1.127s] -- Found Protobuf: /usr/lib/x86_64-linux-gnu/libprotobuf.so (found version "3.12.4") 
[1.128s] -- Looking for ignition-math6 -- found version 6.15.1
[1.128s] -- Looking for ignition-common4 -- found version 4.7.0
[1.129s] -- Looking for ignition-transport11 -- found version 11.4.1
[1.129s] -- Looking for ignition-rendering6 -- found version 6.6.3
[1.130s] -- Looking for ignition-msgs8 -- found version 8.7.0
[1.130s] -- Looking for sdformat12 -- found version 12.7.2
[1.131s] -- Searching for <ignition-sensors6> component [air_pressure]
[1.131s] -- Looking for ignition-sensors6-air_pressure -- found version 6.8.0
[1.132s] -- Searching for dependencies of ignition-sensors6-air_pressure
[1.132s] -- Searching for <ignition-sensors6> component [altimeter]
[1.133s] -- Looking for ignition-sensors6-altimeter -- found version 6.8.0
[1.133s] -- Searching for dependencies of ignition-sensors6-altimeter
[1.134s] -- Searching for <ignition-sensors6> component [imu]
[1.134s] -- Looking for ignition-sensors6-imu -- found version 6.8.0
[1.134s] -- Searching for dependencies of ignition-sensors6-imu
[1.135s] -- Searching for <ignition-sensors6> component [force_torque]
[1.135s] -- Looking for ignition-sensors6-force_torque -- found version 6.8.0
[1.136s] -- Searching for dependencies of ignition-sensors6-force_torque
[1.136s] -- Searching for <ignition-sensors6> component [logical_camera]
[1.137s] -- Looking for ignition-sensors6-logical_camera -- found version 6.8.0
[1.137s] -- Searching for dependencies of ignition-sensors6-logical_camera
[1.138s] -- Searching for <ignition-sensors6> component [magnetometer]
[1.138s] -- Looking for ignition-sensors6-magnetometer -- found version 6.8.0
[1.139s] -- Searching for dependencies of ignition-sensors6-magnetometer
[1.139s] -- Searching for <ignition-sensors6> component [navsat]
[1.140s] -- Looking for ignition-sensors6-navsat -- found version 6.8.0
[1.140s] -- Searching for dependencies of ignition-sensors6-navsat
[1.141s] -- Searching for <ignition-sensors6> component [rendering]
[1.141s] -- Looking for ignition-sensors6-rendering -- found version 6.8.0
[1.142s] -- Searching for dependencies of ignition-sensors6-rendering
[1.142s] -- Searching for <ignition-sensors6> component [lidar]
[1.143s] -- Looking for ignition-sensors6-lidar -- found version 6.8.0
[1.143s] -- Searching for dependencies of ignition-sensors6-lidar
[1.143s] -- Looking for ignition-sensors6 -- found version 6.8.0
[1.144s] -- Searching for <ignition-sensors6> component [gpu_lidar]
[1.144s] -- Looking for ignition-sensors6-gpu_lidar -- found version 6.8.0
[1.145s] -- Searching for dependencies of ignition-sensors6-gpu_lidar
[1.146s] -- Looking for ignition-sensors6 -- found version 6.8.0
[1.146s] -- Searching for <ignition-sensors6> component [camera]
[1.147s] -- Looking for ignition-sensors6-camera -- found version 6.8.0
[1.147s] -- Searching for dependencies of ignition-sensors6-camera
[1.148s] -- Looking for ignition-sensors6 -- found version 6.8.0
[1.148s] -- Searching for <ignition-sensors6> component [boundingbox_camera]
[1.149s] -- Looking for ignition-sensors6-boundingbox_camera -- found version 6.8.0
[1.149s] -- Searching for dependencies of ignition-sensors6-boundingbox_camera
[1.150s] -- Searching for <ignition-sensors6> component [segmentation_camera]
[1.150s] -- Looking for ignition-sensors6-segmentation_camera -- found version 6.8.0
[1.151s] -- Searching for dependencies of ignition-sensors6-segmentation_camera
[1.151s] -- Searching for <ignition-sensors6> component [depth_camera]
[1.152s] -- Looking for ignition-sensors6-depth_camera -- found version 6.8.0
[1.152s] -- Searching for dependencies of ignition-sensors6-depth_camera
[1.153s] -- Looking for ignition-sensors6 -- found version 6.8.0
[1.153s] -- Searching for <ignition-sensors6> component [rgbd_camera]
[1.154s] -- Looking for ignition-sensors6-rgbd_camera -- found version 6.8.0
[1.154s] -- Searching for dependencies of ignition-sensors6-rgbd_camera
[1.154s] -- Looking for ignition-sensors6 -- found version 6.8.0
[1.155s] -- Searching for <ignition-sensors6> component [thermal_camera]
[1.155s] -- Looking for ignition-sensors6-thermal_camera -- found version 6.8.0
[1.156s] -- Searching for dependencies of ignition-sensors6-thermal_camera
[1.156s] -- Looking for ignition-sensors6 -- found version 6.8.0
[1.157s] -- Looking for ignition-rendering6 -- found version 6.6.3
[1.158s] -- Looking for ignition-math6 -- found version 6.15.1
[1.158s] -- Looking for ignition-utils1 -- found version 1.5.1
[1.175s] -- Looking for ignition-gazebo6 - found
[1.176s] 
[1.238s] -- Configuring done
[1.250s] -- Generating done
[1.252s] -- Build files have been written to: /home/carlos/ros2_ws/src/jaeger_model/build/jaeger_model
[1.281s] [35m[1mConsolidate compiler generated dependencies of target jaeger_model[0m
[1.315s] [100%] Built target jaeger_model
[1.329s] Invoked command in '/home/carlos/ros2_ws/src/jaeger_model/build/jaeger_model' returned '0': CMAKE_PREFIX_PATH=/home/carlos/ros2_ws/src/jaeger_model/install:/opt/ros/humble:/home/carlos/catkin_warehouse/devel:/home/carlos/ras/devel:/home/carlos/ros2_ws/install:/home/carlos/ros2_ws/src/install /usr/bin/cmake --build /home/carlos/ros2_ws/src/jaeger_model/build/jaeger_model -- -j8 -l8
[1.365s] Invoking command in '/home/carlos/ros2_ws/src/jaeger_model/build/jaeger_model': CMAKE_PREFIX_PATH=/home/carlos/ros2_ws/src/jaeger_model/install:/opt/ros/humble:/home/carlos/catkin_warehouse/devel:/home/carlos/ras/devel:/home/carlos/ros2_ws/install:/home/carlos/ros2_ws/src/install /usr/bin/cmake --install /home/carlos/ros2_ws/src/jaeger_model/build/jaeger_model
[1.372s] -- Install configuration: ""
[1.372s] -- Up-to-date: /home/carlos/ros2_ws/src/jaeger_model/install/share/jaeger_model//config
[1.372s] -- Up-to-date: /home/carlos/ros2_ws/src/jaeger_model/install/share/jaeger_model//config/ekf.yaml
[1.372s] -- Up-to-date: /home/carlos/ros2_ws/src/jaeger_model/install/share/jaeger_model//config/bridge_config.yaml
[1.372s] -- Up-to-date: /home/carlos/ros2_ws/src/jaeger_model/install/share/jaeger_model//launch
[1.372s] -- Up-to-date: /home/carlos/ros2_ws/src/jaeger_model/install/share/jaeger_model//launch/ekf.launch.py
[1.373s] -- Installing: /home/carlos/ros2_ws/src/jaeger_model/install/share/jaeger_model//launch/basic_jaeger.launch.py
[1.373s] -- Up-to-date: /home/carlos/ros2_ws/src/jaeger_model/install/share/jaeger_model//urdf
[1.373s] -- Up-to-date: /home/carlos/ros2_ws/src/jaeger_model/install/share/jaeger_model//urdf/ensam1_tesis.SLDASM.csv
[1.373s] -- Up-to-date: /home/carlos/ros2_ws/src/jaeger_model/install/share/jaeger_model//urdf/jaeger_model.urdf
[1.373s] -- Up-to-date: /home/carlos/ros2_ws/src/jaeger_model/install/share/jaeger_model//urdf/jaeger_compl.urdf.xacro
[1.373s] -- Up-to-date: /home/carlos/ros2_ws/src/jaeger_model/install/share/jaeger_model//worlds
[1.373s] -- Up-to-date: /home/carlos/ros2_ws/src/jaeger_model/install/share/jaeger_model//worlds/empty.sdf
[1.373s] -- Up-to-date: /home/carlos/ros2_ws/src/jaeger_model/install/share/jaeger_model//meshes
[1.373s] -- Up-to-date: /home/carlos/ros2_ws/src/jaeger_model/install/share/jaeger_model//meshes/thrust3.STL
[1.374s] -- Up-to-date: /home/carlos/ros2_ws/src/jaeger_model/install/share/jaeger_model//meshes/prop1.STL
[1.374s] -- Up-to-date: /home/carlos/ros2_ws/src/jaeger_model/install/share/jaeger_model//meshes/thrust2.STL
[1.374s] -- Up-to-date: /home/carlos/ros2_ws/src/jaeger_model/install/share/jaeger_model//meshes/thrust1.STL
[1.374s] -- Up-to-date: /home/carlos/ros2_ws/src/jaeger_model/install/share/jaeger_model//meshes/thrust6.STL
[1.374s] -- Up-to-date: /home/carlos/ros2_ws/src/jaeger_model/install/share/jaeger_model//meshes/prop3.STL
[1.374s] -- Up-to-date: /home/carlos/ros2_ws/src/jaeger_model/install/share/jaeger_model//meshes/thrust5.STL
[1.374s] -- Up-to-date: /home/carlos/ros2_ws/src/jaeger_model/install/share/jaeger_model//meshes/base_link.STL
[1.374s] -- Up-to-date: /home/carlos/ros2_ws/src/jaeger_model/install/share/jaeger_model//meshes/thrust4.STL
[1.375s] -- Up-to-date: /home/carlos/ros2_ws/src/jaeger_model/install/share/jaeger_model//meshes/prop2.STL
[1.375s] -- Up-to-date: /home/carlos/ros2_ws/src/jaeger_model/install/share/jaeger_model//meshes/prop4.STL
[1.375s] -- Up-to-date: /home/carlos/ros2_ws/src/jaeger_model/install/share/jaeger_model//src
[1.375s] -- Up-to-date: /home/carlos/ros2_ws/src/jaeger_model/install/share/jaeger_model//src/hello_world.hh
[1.375s] -- Up-to-date: /home/carlos/ros2_ws/src/jaeger_model/install/share/jaeger_model//src/hello_world.cc
[1.375s] -- Up-to-date: /home/carlos/ros2_ws/src/jaeger_model/install/lib/libjaeger_model.so
[1.375s] -- Up-to-date: /home/carlos/ros2_ws/src/jaeger_model/install/share/ament_index/resource_index/package_run_dependencies/jaeger_model
[1.375s] -- Installing: /home/carlos/ros2_ws/src/jaeger_model/install/share/ament_index/resource_index/parent_prefix_path/jaeger_model
[1.375s] -- Installing: /home/carlos/ros2_ws/src/jaeger_model/install/share/jaeger_model/environment/ament_prefix_path.sh
[1.376s] -- Installing: /home/carlos/ros2_ws/src/jaeger_model/install/share/jaeger_model/environment/ament_prefix_path.dsv
[1.376s] -- Installing: /home/carlos/ros2_ws/src/jaeger_model/install/share/jaeger_model/environment/path.sh
[1.376s] -- Installing: /home/carlos/ros2_ws/src/jaeger_model/install/share/jaeger_model/environment/path.dsv
[1.376s] -- Up-to-date: /home/carlos/ros2_ws/src/jaeger_model/install/share/jaeger_model/local_setup.bash
[1.376s] -- Up-to-date: /home/carlos/ros2_ws/src/jaeger_model/install/share/jaeger_model/local_setup.sh
[1.376s] -- Up-to-date: /home/carlos/ros2_ws/src/jaeger_model/install/share/jaeger_model/local_setup.zsh
[1.376s] -- Installing: /home/carlos/ros2_ws/src/jaeger_model/install/share/jaeger_model/local_setup.dsv
[1.376s] -- Installing: /home/carlos/ros2_ws/src/jaeger_model/install/share/jaeger_model/package.dsv
[1.376s] -- Up-to-date: /home/carlos/ros2_ws/src/jaeger_model/install/share/ament_index/resource_index/packages/jaeger_model
[1.377s] -- Up-to-date: /home/carlos/ros2_ws/src/jaeger_model/install/share/jaeger_model/cmake/jaeger_modelConfig.cmake
[1.377s] -- Up-to-date: /home/carlos/ros2_ws/src/jaeger_model/install/share/jaeger_model/cmake/jaeger_modelConfig-version.cmake
[1.377s] -- Up-to-date: /home/carlos/ros2_ws/src/jaeger_model/install/share/jaeger_model/package.xml
[1.378s] Invoked command in '/home/carlos/ros2_ws/src/jaeger_model/build/jaeger_model' returned '0': CMAKE_PREFIX_PATH=/home/carlos/ros2_ws/src/jaeger_model/install:/opt/ros/humble:/home/carlos/catkin_warehouse/devel:/home/carlos/ras/devel:/home/carlos/ros2_ws/install:/home/carlos/ros2_ws/src/install /usr/bin/cmake --install /home/carlos/ros2_ws/src/jaeger_model/build/jaeger_model
