[0.014s] Invoking command in '/home/carlos/ros2_ws/src/jaeger_model/build/jaeger_model': CMAKE_PREFIX_PATH=/home/carlos/ros2_ws/src/jaeger_model/install:/opt/ros/humble:/home/carlos/catkin_warehouse/devel:/home/carlos/ras/devel:/home/carlos/ros2_ws/install:/home/carlos/ros2_ws/src/install /usr/bin/cmake --build /home/carlos/ros2_ws/src/jaeger_model/build/jaeger_model -- -j8 -l8
[0.081s] [35m[1mConsolidate compiler generated dependencies of target jaeger_model[0m
[0.107s] [100%] Built target jaeger_model
[0.122s] Invoked command in '/home/carlos/ros2_ws/src/jaeger_model/build/jaeger_model' returned '0': CMAKE_PREFIX_PATH=/home/carlos/ros2_ws/src/jaeger_model/install:/opt/ros/humble:/home/carlos/catkin_warehouse/devel:/home/carlos/ras/devel:/home/carlos/ros2_ws/install:/home/carlos/ros2_ws/src/install /usr/bin/cmake --build /home/carlos/ros2_ws/src/jaeger_model/build/jaeger_model -- -j8 -l8
[0.169s] Invoking command in '/home/carlos/ros2_ws/src/jaeger_model/build/jaeger_model': CMAKE_PREFIX_PATH=/home/carlos/ros2_ws/src/jaeger_model/install:/opt/ros/humble:/home/carlos/catkin_warehouse/devel:/home/carlos/ras/devel:/home/carlos/ros2_ws/install:/home/carlos/ros2_ws/src/install /usr/bin/cmake --install /home/carlos/ros2_ws/src/jaeger_model/build/jaeger_model
[0.177s] -- Install configuration: ""
[0.177s] -- Up-to-date: /home/carlos/ros2_ws/src/jaeger_model/install/share/jaeger_model//config
[0.177s] -- Installing: /home/carlos/ros2_ws/src/jaeger_model/install/share/jaeger_model//config/bridge_config.yaml
[0.177s] -- Up-to-date: /home/carlos/ros2_ws/src/jaeger_model/install/share/jaeger_model//launch
[0.177s] -- Up-to-date: /home/carlos/ros2_ws/src/jaeger_model/install/share/jaeger_model//launch/basic_jaeger.launch.py
[0.177s] -- Up-to-date: /home/carlos/ros2_ws/src/jaeger_model/install/share/jaeger_model//urdf
[0.178s] -- Up-to-date: /home/carlos/ros2_ws/src/jaeger_model/install/share/jaeger_model//urdf/ensam1_tesis.SLDASM.csv
[0.178s] -- Up-to-date: /home/carlos/ros2_ws/src/jaeger_model/install/share/jaeger_model//urdf/jaeger_model.urdf
[0.178s] -- Up-to-date: /home/carlos/ros2_ws/src/jaeger_model/install/share/jaeger_model//urdf/jaeger_compl.urdf.xacro
[0.178s] -- Up-to-date: /home/carlos/ros2_ws/src/jaeger_model/install/share/jaeger_model//worlds
[0.178s] -- Up-to-date: /home/carlos/ros2_ws/src/jaeger_model/install/share/jaeger_model//worlds/empty.sdf
[0.178s] -- Up-to-date: /home/carlos/ros2_ws/src/jaeger_model/install/share/jaeger_model//meshes
[0.178s] -- Up-to-date: /home/carlos/ros2_ws/src/jaeger_model/install/share/jaeger_model//meshes/thrust3.STL
[0.178s] -- Up-to-date: /home/carlos/ros2_ws/src/jaeger_model/install/share/jaeger_model//meshes/prop1.STL
[0.178s] -- Up-to-date: /home/carlos/ros2_ws/src/jaeger_model/install/share/jaeger_model//meshes/thrust2.STL
[0.178s] -- Up-to-date: /home/carlos/ros2_ws/src/jaeger_model/install/share/jaeger_model//meshes/thrust1.STL
[0.178s] -- Up-to-date: /home/carlos/ros2_ws/src/jaeger_model/install/share/jaeger_model//meshes/thrust6.STL
[0.179s] -- Up-to-date: /home/carlos/ros2_ws/src/jaeger_model/install/share/jaeger_model//meshes/prop3.STL
[0.179s] -- Up-to-date: /home/carlos/ros2_ws/src/jaeger_model/install/share/jaeger_model//meshes/thrust5.STL
[0.179s] -- Up-to-date: /home/carlos/ros2_ws/src/jaeger_model/install/share/jaeger_model//meshes/base_link.STL
[0.179s] -- Up-to-date: /home/carlos/ros2_ws/src/jaeger_model/install/share/jaeger_model//meshes/thrust4.STL
[0.179s] -- Up-to-date: /home/carlos/ros2_ws/src/jaeger_model/install/share/jaeger_model//meshes/prop2.STL
[0.179s] -- Up-to-date: /home/carlos/ros2_ws/src/jaeger_model/install/share/jaeger_model//meshes/prop4.STL
[0.179s] -- Up-to-date: /home/carlos/ros2_ws/src/jaeger_model/install/share/jaeger_model//src
[0.179s] -- Up-to-date: /home/carlos/ros2_ws/src/jaeger_model/install/share/jaeger_model//src/hello_world.hh
[0.179s] -- Up-to-date: /home/carlos/ros2_ws/src/jaeger_model/install/share/jaeger_model//src/hello_world.cc
[0.179s] -- Up-to-date: /home/carlos/ros2_ws/src/jaeger_model/install/lib/libjaeger_model.so
[0.179s] -- Up-to-date: /home/carlos/ros2_ws/src/jaeger_model/install/share/ament_index/resource_index/package_run_dependencies/jaeger_model
[0.179s] -- Up-to-date: /home/carlos/ros2_ws/src/jaeger_model/install/share/ament_index/resource_index/parent_prefix_path/jaeger_model
[0.179s] -- Up-to-date: /home/carlos/ros2_ws/src/jaeger_model/install/share/jaeger_model/environment/ament_prefix_path.sh
[0.180s] -- Up-to-date: /home/carlos/ros2_ws/src/jaeger_model/install/share/jaeger_model/environment/ament_prefix_path.dsv
[0.180s] -- Up-to-date: /home/carlos/ros2_ws/src/jaeger_model/install/share/jaeger_model/environment/path.sh
[0.180s] -- Up-to-date: /home/carlos/ros2_ws/src/jaeger_model/install/share/jaeger_model/environment/path.dsv
[0.180s] -- Up-to-date: /home/carlos/ros2_ws/src/jaeger_model/install/share/jaeger_model/local_setup.bash
[0.180s] -- Up-to-date: /home/carlos/ros2_ws/src/jaeger_model/install/share/jaeger_model/local_setup.sh
[0.180s] -- Up-to-date: /home/carlos/ros2_ws/src/jaeger_model/install/share/jaeger_model/local_setup.zsh
[0.180s] -- Up-to-date: /home/carlos/ros2_ws/src/jaeger_model/install/share/jaeger_model/local_setup.dsv
[0.180s] -- Installing: /home/carlos/ros2_ws/src/jaeger_model/install/share/jaeger_model/package.dsv
[0.180s] -- Up-to-date: /home/carlos/ros2_ws/src/jaeger_model/install/share/ament_index/resource_index/packages/jaeger_model
[0.180s] -- Up-to-date: /home/carlos/ros2_ws/src/jaeger_model/install/share/jaeger_model/cmake/jaeger_modelConfig.cmake
[0.180s] -- Up-to-date: /home/carlos/ros2_ws/src/jaeger_model/install/share/jaeger_model/cmake/jaeger_modelConfig-version.cmake
[0.180s] -- Up-to-date: /home/carlos/ros2_ws/src/jaeger_model/install/share/jaeger_model/package.xml
[0.182s] Invoked command in '/home/carlos/ros2_ws/src/jaeger_model/build/jaeger_model' returned '0': CMAKE_PREFIX_PATH=/home/carlos/ros2_ws/src/jaeger_model/install:/opt/ros/humble:/home/carlos/catkin_warehouse/devel:/home/carlos/ras/devel:/home/carlos/ros2_ws/install:/home/carlos/ros2_ws/src/install /usr/bin/cmake --install /home/carlos/ros2_ws/src/jaeger_model/build/jaeger_model
