[0.103s] DEBUG:colcon:Command line arguments: ['/usr/bin/colcon', 'build', '--merge-install', '--packages-select', 'jaeger_model']
[0.103s] DEBUG:colcon:Parsed command line arguments: Namespace(log_base=None, log_level=None, verb_name='build', build_base='build', install_base='install', merge_install=True, symlink_install=False, test_result_base=None, continue_on_error=False, executor='parallel', parallel_workers=8, event_handlers=None, ignore_user_meta=False, metas=['./colcon.meta'], base_paths=['.'], packages_ignore=None, packages_ignore_regex=None, paths=None, packages_up_to=None, packages_up_to_regex=None, packages_above=None, packages_above_and_dependencies=None, packages_above_depth=None, packages_select_by_dep=None, packages_skip_by_dep=None, packages_skip_up_to=None, packages_select_build_failed=False, packages_skip_build_finished=False, packages_select_test_failures=False, packages_skip_test_passed=False, packages_select=['jaeger_model'], packages_skip=None, packages_select_regex=None, packages_skip_regex=None, packages_start=None, packages_end=None, allow_overriding=[], cmake_args=None, cmake_target=None, cmake_target_skip_unavailable=False, cmake_clean_cache=False, cmake_clean_first=False, cmake_force_configure=False, ament_cmake_args=None, catkin_cmake_args=None, catkin_skip_building_tests=False, mixin_files=None, mixin=None, verb_parser=<colcon_mixin.mixin.mixin_argument.MixinArgumentDecorator object at 0x714288e525f0>, verb_extension=<colcon_core.verb.build.BuildVerb object at 0x714288e52080>, main=<bound method BuildVerb.main of <colcon_core.verb.build.BuildVerb object at 0x714288e52080>>, mixin_verb=('build',))
[0.276s] Level 1:colcon.colcon_core.package_discovery:discover_packages(colcon_meta) check parameters
[0.276s] Level 1:colcon.colcon_core.package_discovery:discover_packages(recursive) check parameters
[0.276s] Level 1:colcon.colcon_core.package_discovery:discover_packages(ignore) check parameters
[0.276s] Level 1:colcon.colcon_core.package_discovery:discover_packages(path) check parameters
[0.276s] Level 1:colcon.colcon_core.package_discovery:discover_packages(colcon_meta) discover
[0.276s] Level 1:colcon.colcon_core.package_discovery:discover_packages(recursive) discover
[0.277s] INFO:colcon.colcon_core.package_discovery:Crawling recursively for packages in '/home/carlos/ros2_ws/src/jaeger_model'
[0.277s] Level 1:colcon.colcon_core.package_identification:_identify(.) by extensions ['ignore', 'ignore_ament_install']
[0.277s] Level 1:colcon.colcon_core.package_identification:_identify(.) by extension 'ignore'
[0.277s] Level 1:colcon.colcon_core.package_identification:_identify(.) by extension 'ignore_ament_install'
[0.277s] Level 1:colcon.colcon_core.package_identification:_identify(.) by extensions ['colcon_pkg']
[0.277s] Level 1:colcon.colcon_core.package_identification:_identify(.) by extension 'colcon_pkg'
[0.277s] Level 1:colcon.colcon_core.package_identification:_identify(.) by extensions ['colcon_meta']
[0.277s] Level 1:colcon.colcon_core.package_identification:_identify(.) by extension 'colcon_meta'
[0.277s] Level 1:colcon.colcon_core.package_identification:_identify(.) by extensions ['ros']
[0.277s] Level 1:colcon.colcon_core.package_identification:_identify(.) by extension 'ros'
[0.290s] DEBUG:colcon.colcon_core.package_identification:Package '.' with type 'ros.ament_cmake' and name 'jaeger_model'
[0.290s] Level 1:colcon.colcon_core.package_discovery:discover_packages(recursive) using defaults
[0.290s] Level 1:colcon.colcon_core.package_discovery:discover_packages(ignore) discover
[0.290s] Level 1:colcon.colcon_core.package_discovery:discover_packages(ignore) using defaults
[0.290s] Level 1:colcon.colcon_core.package_discovery:discover_packages(path) discover
[0.290s] Level 1:colcon.colcon_core.package_discovery:discover_packages(path) using defaults
[0.320s] Level 1:colcon.colcon_core.package_discovery:discover_packages(prefix_path) check parameters
[0.320s] Level 1:colcon.colcon_core.package_discovery:discover_packages(prefix_path) discover
[0.321s] DEBUG:colcon.colcon_installed_package_information.package_discovery:Found 1 installed packages in /home/carlos/ros2_ws/src/jaeger_model/install
[0.322s] DEBUG:colcon.colcon_installed_package_information.package_discovery:Found 1 installed packages in /home/carlos/ros2_ws/src/install
[0.322s] DEBUG:colcon.colcon_installed_package_information.package_discovery:Found 1 installed packages in /home/carlos/ros2_ws/install
[0.324s] DEBUG:colcon.colcon_installed_package_information.package_discovery:Found 391 installed packages in /opt/ros/humble
[0.326s] Level 1:colcon.colcon_core.package_discovery:discover_packages(prefix_path) using defaults
[0.378s] Level 5:colcon.colcon_core.verb:set package 'jaeger_model' build argument 'cmake_args' from command line to 'None'
[0.378s] Level 5:colcon.colcon_core.verb:set package 'jaeger_model' build argument 'cmake_target' from command line to 'None'
[0.378s] Level 5:colcon.colcon_core.verb:set package 'jaeger_model' build argument 'cmake_target_skip_unavailable' from command line to 'False'
[0.378s] Level 5:colcon.colcon_core.verb:set package 'jaeger_model' build argument 'cmake_clean_cache' from command line to 'False'
[0.378s] Level 5:colcon.colcon_core.verb:set package 'jaeger_model' build argument 'cmake_clean_first' from command line to 'False'
[0.378s] Level 5:colcon.colcon_core.verb:set package 'jaeger_model' build argument 'cmake_force_configure' from command line to 'False'
[0.378s] Level 5:colcon.colcon_core.verb:set package 'jaeger_model' build argument 'ament_cmake_args' from command line to 'None'
[0.378s] Level 5:colcon.colcon_core.verb:set package 'jaeger_model' build argument 'catkin_cmake_args' from command line to 'None'
[0.378s] Level 5:colcon.colcon_core.verb:set package 'jaeger_model' build argument 'catkin_skip_building_tests' from command line to 'False'
[0.378s] DEBUG:colcon.colcon_core.verb:Building package 'jaeger_model' with the following arguments: {'ament_cmake_args': None, 'build_base': '/home/carlos/ros2_ws/src/jaeger_model/build/jaeger_model', 'catkin_cmake_args': None, 'catkin_skip_building_tests': False, 'cmake_args': None, 'cmake_clean_cache': False, 'cmake_clean_first': False, 'cmake_force_configure': False, 'cmake_target': None, 'cmake_target_skip_unavailable': False, 'install_base': '/home/carlos/ros2_ws/src/jaeger_model/install', 'merge_install': True, 'path': '/home/carlos/ros2_ws/src/jaeger_model', 'symlink_install': False, 'test_result_base': None}
[0.378s] INFO:colcon.colcon_core.executor:Executing jobs using 'parallel' executor
[0.379s] DEBUG:colcon.colcon_parallel_executor.executor.parallel:run_until_complete
[0.380s] INFO:colcon.colcon_ros.task.ament_cmake.build:Building ROS package in '/home/carlos/ros2_ws/src/jaeger_model' with build type 'ament_cmake'
[0.380s] INFO:colcon.colcon_cmake.task.cmake.build:Building CMake package in '/home/carlos/ros2_ws/src/jaeger_model'
[0.383s] INFO:colcon.colcon_core.plugin_system:Skipping extension 'colcon_core.shell.bat': Not used on non-Windows systems
[0.383s] INFO:colcon.colcon_core.shell:Skip shell extension 'powershell' for command environment: Not usable outside of PowerShell
[0.383s] DEBUG:colcon.colcon_core.shell:Skip shell extension 'dsv' for command environment
[0.387s] DEBUG:colcon.colcon_core.shell:Ignoring prefix path '/home/carlos/catkin_warehouse/devel'
[0.387s] DEBUG:colcon.colcon_core.shell:Ignoring prefix path '/home/carlos/ras/devel'
[0.397s] DEBUG:colcon.colcon_core.event_handler.log_command:Invoking command in '/home/carlos/ros2_ws/src/jaeger_model/build/jaeger_model': CMAKE_PREFIX_PATH=/home/carlos/ros2_ws/src/jaeger_model/install:/opt/ros/humble:/home/carlos/catkin_warehouse/devel:/home/carlos/ras/devel:/home/carlos/ros2_ws/install:/home/carlos/ros2_ws/src/install /usr/bin/cmake --build /home/carlos/ros2_ws/src/jaeger_model/build/jaeger_model -- -j8 -l8
[0.504s] DEBUG:colcon.colcon_core.event_handler.log_command:Invoked command in '/home/carlos/ros2_ws/src/jaeger_model/build/jaeger_model' returned '0': CMAKE_PREFIX_PATH=/home/carlos/ros2_ws/src/jaeger_model/install:/opt/ros/humble:/home/carlos/catkin_warehouse/devel:/home/carlos/ras/devel:/home/carlos/ros2_ws/install:/home/carlos/ros2_ws/src/install /usr/bin/cmake --build /home/carlos/ros2_ws/src/jaeger_model/build/jaeger_model -- -j8 -l8
[0.543s] DEBUG:colcon.colcon_core.event_handler.log_command:Invoking command in '/home/carlos/ros2_ws/src/jaeger_model/build/jaeger_model': CMAKE_PREFIX_PATH=/home/carlos/ros2_ws/src/jaeger_model/install:/opt/ros/humble:/home/carlos/catkin_warehouse/devel:/home/carlos/ras/devel:/home/carlos/ros2_ws/install:/home/carlos/ros2_ws/src/install /usr/bin/cmake --install /home/carlos/ros2_ws/src/jaeger_model/build/jaeger_model
[0.556s] Level 1:colcon.colcon_core.environment:create_environment_scripts_only(jaeger_model)
[0.556s] DEBUG:colcon.colcon_core.event_handler.log_command:Invoked command in '/home/carlos/ros2_ws/src/jaeger_model/build/jaeger_model' returned '0': CMAKE_PREFIX_PATH=/home/carlos/ros2_ws/src/jaeger_model/install:/opt/ros/humble:/home/carlos/catkin_warehouse/devel:/home/carlos/ras/devel:/home/carlos/ros2_ws/install:/home/carlos/ros2_ws/src/install /usr/bin/cmake --install /home/carlos/ros2_ws/src/jaeger_model/build/jaeger_model
[0.558s] Level 1:colcon.colcon_core.environment:checking '/home/carlos/ros2_ws/src/jaeger_model/install' for CMake module files
[0.559s] Level 1:colcon.colcon_core.environment:checking '/home/carlos/ros2_ws/src/jaeger_model/install' for CMake config files
[0.560s] Level 1:colcon.colcon_core.shell:create_environment_hook('jaeger_model', 'cmake_prefix_path')
[0.560s] INFO:colcon.colcon_core.shell:Creating environment hook '/home/carlos/ros2_ws/src/jaeger_model/install/share/jaeger_model/hook/cmake_prefix_path.ps1'
[0.560s] INFO:colcon.colcon_core.shell:Creating environment descriptor '/home/carlos/ros2_ws/src/jaeger_model/install/share/jaeger_model/hook/cmake_prefix_path.dsv'
[0.561s] INFO:colcon.colcon_core.shell:Creating environment hook '/home/carlos/ros2_ws/src/jaeger_model/install/share/jaeger_model/hook/cmake_prefix_path.sh'
[0.562s] Level 1:colcon.colcon_core.environment:checking '/home/carlos/ros2_ws/src/jaeger_model/install/lib'
[0.562s] Level 1:colcon.colcon_core.shell:create_environment_hook('jaeger_model', 'ld_library_path_lib')
[0.562s] INFO:colcon.colcon_core.shell:Creating environment hook '/home/carlos/ros2_ws/src/jaeger_model/install/share/jaeger_model/hook/ld_library_path_lib.ps1'
[0.563s] INFO:colcon.colcon_core.shell:Creating environment descriptor '/home/carlos/ros2_ws/src/jaeger_model/install/share/jaeger_model/hook/ld_library_path_lib.dsv'
[0.563s] INFO:colcon.colcon_core.shell:Creating environment hook '/home/carlos/ros2_ws/src/jaeger_model/install/share/jaeger_model/hook/ld_library_path_lib.sh'
[0.563s] Level 1:colcon.colcon_core.environment:checking '/home/carlos/ros2_ws/src/jaeger_model/install/bin'
[0.563s] Level 1:colcon.colcon_core.environment:checking '/home/carlos/ros2_ws/src/jaeger_model/install/lib/pkgconfig/jaeger_model.pc'
[0.564s] Level 1:colcon.colcon_core.environment:checking '/home/carlos/ros2_ws/src/jaeger_model/install/lib/python3.10/site-packages'
[0.564s] Level 1:colcon.colcon_core.environment:checking '/home/carlos/ros2_ws/src/jaeger_model/install/bin'
[0.564s] INFO:colcon.colcon_core.shell:Creating package script '/home/carlos/ros2_ws/src/jaeger_model/install/share/jaeger_model/package.ps1'
[0.565s] INFO:colcon.colcon_core.shell:Creating package descriptor '/home/carlos/ros2_ws/src/jaeger_model/install/share/jaeger_model/package.dsv'
[0.565s] INFO:colcon.colcon_core.shell:Creating package script '/home/carlos/ros2_ws/src/jaeger_model/install/share/jaeger_model/package.sh'
[0.566s] INFO:colcon.colcon_core.shell:Creating package script '/home/carlos/ros2_ws/src/jaeger_model/install/share/jaeger_model/package.bash'
[0.567s] INFO:colcon.colcon_core.shell:Creating package script '/home/carlos/ros2_ws/src/jaeger_model/install/share/jaeger_model/package.zsh'
[0.567s] Level 1:colcon.colcon_core.environment:create_file_with_runtime_dependencies(/home/carlos/ros2_ws/src/jaeger_model/install/share/colcon-core/packages/jaeger_model)
[0.590s] Level 1:colcon.colcon_core.environment:create_environment_scripts_only(jaeger_model)
[0.590s] Level 1:colcon.colcon_core.environment:checking '/home/carlos/ros2_ws/src/jaeger_model/install' for CMake module files
[0.591s] Level 1:colcon.colcon_core.environment:checking '/home/carlos/ros2_ws/src/jaeger_model/install' for CMake config files
[0.591s] Level 1:colcon.colcon_core.shell:create_environment_hook('jaeger_model', 'cmake_prefix_path')
[0.591s] INFO:colcon.colcon_core.shell:Creating environment hook '/home/carlos/ros2_ws/src/jaeger_model/install/share/jaeger_model/hook/cmake_prefix_path.ps1'
[0.592s] INFO:colcon.colcon_core.shell:Creating environment descriptor '/home/carlos/ros2_ws/src/jaeger_model/install/share/jaeger_model/hook/cmake_prefix_path.dsv'
[0.592s] INFO:colcon.colcon_core.shell:Creating environment hook '/home/carlos/ros2_ws/src/jaeger_model/install/share/jaeger_model/hook/cmake_prefix_path.sh'
[0.592s] Level 1:colcon.colcon_core.environment:checking '/home/carlos/ros2_ws/src/jaeger_model/install/lib'
[0.592s] Level 1:colcon.colcon_core.shell:create_environment_hook('jaeger_model', 'ld_library_path_lib')
[0.593s] INFO:colcon.colcon_core.shell:Creating environment hook '/home/carlos/ros2_ws/src/jaeger_model/install/share/jaeger_model/hook/ld_library_path_lib.ps1'
[0.593s] INFO:colcon.colcon_core.shell:Creating environment descriptor '/home/carlos/ros2_ws/src/jaeger_model/install/share/jaeger_model/hook/ld_library_path_lib.dsv'
[0.593s] INFO:colcon.colcon_core.shell:Creating environment hook '/home/carlos/ros2_ws/src/jaeger_model/install/share/jaeger_model/hook/ld_library_path_lib.sh'
[0.593s] Level 1:colcon.colcon_core.environment:checking '/home/carlos/ros2_ws/src/jaeger_model/install/bin'
[0.594s] Level 1:colcon.colcon_core.environment:checking '/home/carlos/ros2_ws/src/jaeger_model/install/lib/pkgconfig/jaeger_model.pc'
[0.594s] Level 1:colcon.colcon_core.environment:checking '/home/carlos/ros2_ws/src/jaeger_model/install/lib/python3.10/site-packages'
[0.594s] Level 1:colcon.colcon_core.environment:checking '/home/carlos/ros2_ws/src/jaeger_model/install/bin'
[0.594s] INFO:colcon.colcon_core.shell:Creating package script '/home/carlos/ros2_ws/src/jaeger_model/install/share/jaeger_model/package.ps1'
[0.595s] INFO:colcon.colcon_core.shell:Creating package descriptor '/home/carlos/ros2_ws/src/jaeger_model/install/share/jaeger_model/package.dsv'
[0.595s] INFO:colcon.colcon_core.shell:Creating package script '/home/carlos/ros2_ws/src/jaeger_model/install/share/jaeger_model/package.sh'
[0.596s] INFO:colcon.colcon_core.shell:Creating package script '/home/carlos/ros2_ws/src/jaeger_model/install/share/jaeger_model/package.bash'
[0.596s] INFO:colcon.colcon_core.shell:Creating package script '/home/carlos/ros2_ws/src/jaeger_model/install/share/jaeger_model/package.zsh'
[0.596s] Level 1:colcon.colcon_core.environment:create_file_with_runtime_dependencies(/home/carlos/ros2_ws/src/jaeger_model/install/share/colcon-core/packages/jaeger_model)
[0.597s] DEBUG:colcon.colcon_parallel_executor.executor.parallel:closing loop
[0.597s] DEBUG:colcon.colcon_parallel_executor.executor.parallel:loop closed
[0.597s] DEBUG:colcon.colcon_parallel_executor.executor.parallel:run_until_complete finished with '0'
[0.597s] DEBUG:colcon.colcon_core.event_reactor:joining thread
[0.605s] INFO:colcon.colcon_core.plugin_system:Skipping extension 'colcon_notification.desktop_notification.terminal_notifier': Not used on non-Darwin systems
[0.605s] INFO:colcon.colcon_core.plugin_system:Skipping extension 'colcon_notification.desktop_notification.win32': Not used on non-Windows systems
[0.605s] INFO:colcon.colcon_notification.desktop_notification:Sending desktop notification using 'notify2'
[0.619s] DEBUG:colcon.colcon_core.event_reactor:joined thread
[0.620s] INFO:colcon.colcon_core.shell:Creating prefix script '/home/carlos/ros2_ws/src/jaeger_model/install/local_setup.ps1'
[0.621s] INFO:colcon.colcon_core.shell:Creating prefix util module '/home/carlos/ros2_ws/src/jaeger_model/install/_local_setup_util_ps1.py'
[0.623s] INFO:colcon.colcon_core.shell:Creating prefix chain script '/home/carlos/ros2_ws/src/jaeger_model/install/setup.ps1'
[0.625s] INFO:colcon.colcon_core.shell:Creating prefix script '/home/carlos/ros2_ws/src/jaeger_model/install/local_setup.sh'
[0.626s] INFO:colcon.colcon_core.shell:Creating prefix util module '/home/carlos/ros2_ws/src/jaeger_model/install/_local_setup_util_sh.py'
[0.626s] INFO:colcon.colcon_core.shell:Creating prefix chain script '/home/carlos/ros2_ws/src/jaeger_model/install/setup.sh'
[0.628s] INFO:colcon.colcon_core.shell:Creating prefix script '/home/carlos/ros2_ws/src/jaeger_model/install/local_setup.bash'
[0.628s] INFO:colcon.colcon_core.shell:Creating prefix chain script '/home/carlos/ros2_ws/src/jaeger_model/install/setup.bash'
[0.630s] INFO:colcon.colcon_core.shell:Creating prefix script '/home/carlos/ros2_ws/src/jaeger_model/install/local_setup.zsh'
[0.630s] INFO:colcon.colcon_core.shell:Creating prefix chain script '/home/carlos/ros2_ws/src/jaeger_model/install/setup.zsh'
