[35m[1mConsolidate compiler generated dependencies of target jaeger_model[0m
[ 50%] [32mBuilding CXX object CMakeFiles/jaeger_model.dir/src/hello_world.cc.o[0m
[100%] [32m[1mLinking CXX shared library libjaeger_model.so[0m
[100%] Built target jaeger_model
-- Install configuration: ""
-- Up-to-date: /home/carlos/ros2_ws/src/jaeger_model/install/share/jaeger_model//config
-- Up-to-date: /home/carlos/ros2_ws/src/jaeger_model/install/share/jaeger_model//config/bridge_config.yaml
-- Up-to-date: /home/carlos/ros2_ws/src/jaeger_model/install/share/jaeger_model//launch
-- Up-to-date: /home/carlos/ros2_ws/src/jaeger_model/install/share/jaeger_model//launch/basic_jaeger.launch.py
-- Up-to-date: /home/carlos/ros2_ws/src/jaeger_model/install/share/jaeger_model//urdf
-- Up-to-date: /home/carlos/ros2_ws/src/jaeger_model/install/share/jaeger_model//urdf/ensam1_tesis.SLDASM.csv
-- Up-to-date: /home/carlos/ros2_ws/src/jaeger_model/install/share/jaeger_model//urdf/jaeger_model.urdf
-- Up-to-date: /home/carlos/ros2_ws/src/jaeger_model/install/share/jaeger_model//urdf/jaeger_compl.urdf.xacro
-- Up-to-date: /home/carlos/ros2_ws/src/jaeger_model/install/share/jaeger_model//worlds
-- Installing: /home/carlos/ros2_ws/src/jaeger_model/install/share/jaeger_model//worlds/empty.sdf
-- Up-to-date: /home/carlos/ros2_ws/src/jaeger_model/install/share/jaeger_model//meshes
-- Up-to-date: /home/carlos/ros2_ws/src/jaeger_model/install/share/jaeger_model//meshes/thrust3.STL
-- Up-to-date: /home/carlos/ros2_ws/src/jaeger_model/install/share/jaeger_model//meshes/prop1.STL
-- Up-to-date: /home/carlos/ros2_ws/src/jaeger_model/install/share/jaeger_model//meshes/thrust2.STL
-- Up-to-date: /home/carlos/ros2_ws/src/jaeger_model/install/share/jaeger_model//meshes/thrust1.STL
-- Up-to-date: /home/carlos/ros2_ws/src/jaeger_model/install/share/jaeger_model//meshes/thrust6.STL
-- Up-to-date: /home/carlos/ros2_ws/src/jaeger_model/install/share/jaeger_model//meshes/prop3.STL
-- Up-to-date: /home/carlos/ros2_ws/src/jaeger_model/install/share/jaeger_model//meshes/thrust5.STL
-- Up-to-date: /home/carlos/ros2_ws/src/jaeger_model/install/share/jaeger_model//meshes/base_link.STL
-- Up-to-date: /home/carlos/ros2_ws/src/jaeger_model/install/share/jaeger_model//meshes/thrust4.STL
-- Up-to-date: /home/carlos/ros2_ws/src/jaeger_model/install/share/jaeger_model//meshes/prop2.STL
-- Up-to-date: /home/carlos/ros2_ws/src/jaeger_model/install/share/jaeger_model//meshes/prop4.STL
-- Up-to-date: /home/carlos/ros2_ws/src/jaeger_model/install/share/jaeger_model//src
-- Up-to-date: /home/carlos/ros2_ws/src/jaeger_model/install/share/jaeger_model//src/hello_world.hh
-- Installing: /home/carlos/ros2_ws/src/jaeger_model/install/share/jaeger_model//src/hello_world.cc
-- Installing: /home/carlos/ros2_ws/src/jaeger_model/install/lib/libjaeger_model.so
-- Set runtime path of "/home/carlos/ros2_ws/src/jaeger_model/install/lib/libjaeger_model.so" to ""
-- Up-to-date: /home/carlos/ros2_ws/src/jaeger_model/install/share/ament_index/resource_index/package_run_dependencies/jaeger_model
-- Up-to-date: /home/carlos/ros2_ws/src/jaeger_model/install/share/ament_index/resource_index/parent_prefix_path/jaeger_model
-- Up-to-date: /home/carlos/ros2_ws/src/jaeger_model/install/share/jaeger_model/environment/ament_prefix_path.sh
-- Up-to-date: /home/carlos/ros2_ws/src/jaeger_model/install/share/jaeger_model/environment/ament_prefix_path.dsv
-- Up-to-date: /home/carlos/ros2_ws/src/jaeger_model/install/share/jaeger_model/environment/path.sh
-- Up-to-date: /home/carlos/ros2_ws/src/jaeger_model/install/share/jaeger_model/environment/path.dsv
-- Up-to-date: /home/carlos/ros2_ws/src/jaeger_model/install/share/jaeger_model/local_setup.bash
-- Up-to-date: /home/carlos/ros2_ws/src/jaeger_model/install/share/jaeger_model/local_setup.sh
-- Up-to-date: /home/carlos/ros2_ws/src/jaeger_model/install/share/jaeger_model/local_setup.zsh
-- Up-to-date: /home/carlos/ros2_ws/src/jaeger_model/install/share/jaeger_model/local_setup.dsv
-- Installing: /home/carlos/ros2_ws/src/jaeger_model/install/share/jaeger_model/package.dsv
-- Up-to-date: /home/carlos/ros2_ws/src/jaeger_model/install/share/ament_index/resource_index/packages/jaeger_model
-- Up-to-date: /home/carlos/ros2_ws/src/jaeger_model/install/share/jaeger_model/cmake/jaeger_modelConfig.cmake
-- Up-to-date: /home/carlos/ros2_ws/src/jaeger_model/install/share/jaeger_model/cmake/jaeger_modelConfig-version.cmake
-- Up-to-date: /home/carlos/ros2_ws/src/jaeger_model/install/share/jaeger_model/package.xml
