[0.011s] Invoking command in '/home/carlos/ros2_ws/src/jaeger_model/build/jaeger_model': CMAKE_PREFIX_PATH=/home/carlos/ros2_ws/src/jaeger_model/install:/opt/ros/humble:/home/carlos/catkin_warehouse/devel:/home/carlos/ras/devel:/home/carlos/ros2_ws/install:/home/carlos/ros2_ws/src/install /usr/bin/cmake --build /home/carlos/ros2_ws/src/jaeger_model/build/jaeger_model -- -j8 -l8
[0.069s] [ 50%] [32mBuilding CXX object CMakeFiles/jaeger_model.dir/src/hello_world.cc.o[0m
[12.036s] [100%] [32m[1mLinking CXX shared library libjaeger_model.so[0m
[12.844s] [100%] Built target jaeger_model
[12.865s] Invoked command in '/home/carlos/ros2_ws/src/jaeger_model/build/jaeger_model' returned '0': CMAKE_PREFIX_PATH=/home/carlos/ros2_ws/src/jaeger_model/install:/opt/ros/humble:/home/carlos/catkin_warehouse/devel:/home/carlos/ras/devel:/home/carlos/ros2_ws/install:/home/carlos/ros2_ws/src/install /usr/bin/cmake --build /home/carlos/ros2_ws/src/jaeger_model/build/jaeger_model -- -j8 -l8
[12.904s] Invoking command in '/home/carlos/ros2_ws/src/jaeger_model/build/jaeger_model': CMAKE_PREFIX_PATH=/home/carlos/ros2_ws/src/jaeger_model/install:/opt/ros/humble:/home/carlos/catkin_warehouse/devel:/home/carlos/ras/devel:/home/carlos/ros2_ws/install:/home/carlos/ros2_ws/src/install /usr/bin/cmake --install /home/carlos/ros2_ws/src/jaeger_model/build/jaeger_model
[12.912s] -- Install configuration: ""
[12.912s] -- Up-to-date: /home/carlos/ros2_ws/src/jaeger_model/install/share/jaeger_model//config
[12.912s] -- Up-to-date: /home/carlos/ros2_ws/src/jaeger_model/install/share/jaeger_model//config/bridge_config.yaml
[12.912s] -- Up-to-date: /home/carlos/ros2_ws/src/jaeger_model/install/share/jaeger_model//launch
[12.912s] -- Up-to-date: /home/carlos/ros2_ws/src/jaeger_model/install/share/jaeger_model//launch/basic_jaeger.launch.py
[12.912s] -- Up-to-date: /home/carlos/ros2_ws/src/jaeger_model/install/share/jaeger_model//urdf
[12.912s] -- Up-to-date: /home/carlos/ros2_ws/src/jaeger_model/install/share/jaeger_model//urdf/ensam1_tesis.SLDASM.csv
[12.912s] -- Up-to-date: /home/carlos/ros2_ws/src/jaeger_model/install/share/jaeger_model//urdf/jaeger_model.urdf
[12.913s] -- Installing: /home/carlos/ros2_ws/src/jaeger_model/install/share/jaeger_model//urdf/jaeger_compl.urdf.xacro
[12.913s] -- Up-to-date: /home/carlos/ros2_ws/src/jaeger_model/install/share/jaeger_model//worlds
[12.913s] -- Up-to-date: /home/carlos/ros2_ws/src/jaeger_model/install/share/jaeger_model//worlds/empty.sdf
[12.913s] -- Up-to-date: /home/carlos/ros2_ws/src/jaeger_model/install/share/jaeger_model//meshes
[12.913s] -- Up-to-date: /home/carlos/ros2_ws/src/jaeger_model/install/share/jaeger_model//meshes/thrust3.STL
[12.913s] -- Up-to-date: /home/carlos/ros2_ws/src/jaeger_model/install/share/jaeger_model//meshes/prop1.STL
[12.913s] -- Up-to-date: /home/carlos/ros2_ws/src/jaeger_model/install/share/jaeger_model//meshes/thrust2.STL
[12.913s] -- Up-to-date: /home/carlos/ros2_ws/src/jaeger_model/install/share/jaeger_model//meshes/thrust1.STL
[12.913s] -- Up-to-date: /home/carlos/ros2_ws/src/jaeger_model/install/share/jaeger_model//meshes/thrust6.STL
[12.913s] -- Up-to-date: /home/carlos/ros2_ws/src/jaeger_model/install/share/jaeger_model//meshes/prop3.STL
[12.913s] -- Up-to-date: /home/carlos/ros2_ws/src/jaeger_model/install/share/jaeger_model//meshes/thrust5.STL
[12.913s] -- Up-to-date: /home/carlos/ros2_ws/src/jaeger_model/install/share/jaeger_model//meshes/base_link.STL
[12.913s] -- Up-to-date: /home/carlos/ros2_ws/src/jaeger_model/install/share/jaeger_model//meshes/thrust4.STL
[12.913s] -- Up-to-date: /home/carlos/ros2_ws/src/jaeger_model/install/share/jaeger_model//meshes/prop2.STL
[12.913s] -- Up-to-date: /home/carlos/ros2_ws/src/jaeger_model/install/share/jaeger_model//meshes/prop4.STL
[12.914s] -- Up-to-date: /home/carlos/ros2_ws/src/jaeger_model/install/share/jaeger_model//src
[12.914s] -- Up-to-date: /home/carlos/ros2_ws/src/jaeger_model/install/share/jaeger_model//src/hello_world.hh
[12.914s] -- Installing: /home/carlos/ros2_ws/src/jaeger_model/install/share/jaeger_model//src/hello_world.cc
[12.914s] -- Installing: /home/carlos/ros2_ws/src/jaeger_model/install/lib/libjaeger_model.so
[12.917s] -- Set runtime path of "/home/carlos/ros2_ws/src/jaeger_model/install/lib/libjaeger_model.so" to ""
[12.918s] -- Up-to-date: /home/carlos/ros2_ws/src/jaeger_model/install/share/ament_index/resource_index/package_run_dependencies/jaeger_model
[12.918s] -- Up-to-date: /home/carlos/ros2_ws/src/jaeger_model/install/share/ament_index/resource_index/parent_prefix_path/jaeger_model
[12.918s] -- Up-to-date: /home/carlos/ros2_ws/src/jaeger_model/install/share/jaeger_model/environment/ament_prefix_path.sh
[12.918s] -- Up-to-date: /home/carlos/ros2_ws/src/jaeger_model/install/share/jaeger_model/environment/ament_prefix_path.dsv
[12.918s] -- Up-to-date: /home/carlos/ros2_ws/src/jaeger_model/install/share/jaeger_model/environment/path.sh
[12.918s] -- Up-to-date: /home/carlos/ros2_ws/src/jaeger_model/install/share/jaeger_model/environment/path.dsv
[12.918s] -- Up-to-date: /home/carlos/ros2_ws/src/jaeger_model/install/share/jaeger_model/local_setup.bash
[12.918s] -- Up-to-date: /home/carlos/ros2_ws/src/jaeger_model/install/share/jaeger_model/local_setup.sh
[12.918s] -- Up-to-date: /home/carlos/ros2_ws/src/jaeger_model/install/share/jaeger_model/local_setup.zsh
[12.918s] -- Up-to-date: /home/carlos/ros2_ws/src/jaeger_model/install/share/jaeger_model/local_setup.dsv
[12.919s] -- Installing: /home/carlos/ros2_ws/src/jaeger_model/install/share/jaeger_model/package.dsv
[12.919s] -- Up-to-date: /home/carlos/ros2_ws/src/jaeger_model/install/share/ament_index/resource_index/packages/jaeger_model
[12.919s] -- Up-to-date: /home/carlos/ros2_ws/src/jaeger_model/install/share/jaeger_model/cmake/jaeger_modelConfig.cmake
[12.919s] -- Up-to-date: /home/carlos/ros2_ws/src/jaeger_model/install/share/jaeger_model/cmake/jaeger_modelConfig-version.cmake
[12.919s] -- Up-to-date: /home/carlos/ros2_ws/src/jaeger_model/install/share/jaeger_model/package.xml
[12.921s] Invoked command in '/home/carlos/ros2_ws/src/jaeger_model/build/jaeger_model' returned '0': CMAKE_PREFIX_PATH=/home/carlos/ros2_ws/src/jaeger_model/install:/opt/ros/humble:/home/carlos/catkin_warehouse/devel:/home/carlos/ras/devel:/home/carlos/ros2_ws/install:/home/carlos/ros2_ws/src/install /usr/bin/cmake --install /home/carlos/ros2_ws/src/jaeger_model/build/jaeger_model
